<?xml version="1.0" encoding="utf-8"?><testsuites name="pytest tests"><testsuite name="pytest" errors="0" failures="10" skipped="1" tests="40" time="5.263" timestamp="2026-02-20T15:30:19.215689+00:00" hostname="agent-env-faaf4cd4-0660-4eeb-941d-e1c175f28544"><testcase classname="backend.tests.test_auth.TestAuthRegister" name="test_register_new_user_success" time="0.759" /><testcase classname="backend.tests.test_auth.TestAuthRegister" name="test_register_duplicate_phone_fails" time="0.526"><failure message="assert 201 == 400&#10; +  where 201 = &lt;Response [201]&gt;.status_code">backend/tests/test_auth.py:53: in test_register_duplicate_phone_fails
    assert response.status_code == 400
E   assert 201 == 400
E    +  where 201 = &lt;Response [201]&gt;.status_code</failure></testcase><testcase classname="backend.tests.test_auth.TestAuthRegister" name="test_register_missing_required_fields" time="0.067" /><testcase classname="backend.tests.test_auth.TestAuthLogin" name="test_login_with_email_success" time="0.297" /><testcase classname="backend.tests.test_auth.TestAuthLogin" name="test_login_with_phone_success" time="0.275"><failure message="AssertionError: Login with phone failed: {&quot;detail&quot;:&quot;Invalid credentials&quot;}&#10;assert 401 == 200&#10; +  where 401 = &lt;Response [401]&gt;.status_code">backend/tests/test_auth.py:100: in test_login_with_phone_success
    assert response.status_code == 200, f"Login with phone failed: {response.text}"
E   AssertionError: Login with phone failed: {"detail":"Invalid credentials"}
E   assert 401 == 200
E    +  where 401 = &lt;Response [401]&gt;.status_code</failure></testcase><testcase classname="backend.tests.test_auth.TestAuthLogin" name="test_login_invalid_credentials" time="0.062" /><testcase classname="backend.tests.test_auth.TestAuthLogin" name="test_login_wrong_password" time="0.287" /><testcase classname="backend.tests.test_cart_wishlist.TestCart" name="test_get_cart_requires_auth" time="0.113" /><testcase classname="backend.tests.test_cart_wishlist.TestCart" name="test_get_cart_authenticated" time="0.400" /><testcase classname="backend.tests.test_cart_wishlist.TestCart" name="test_add_to_cart" time="0.177" /><testcase classname="backend.tests.test_cart_wishlist.TestCart" name="test_add_to_cart_invalid_product" time="0.060" /><testcase classname="backend.tests.test_cart_wishlist.TestWishlist" name="test_get_wishlist_requires_auth" time="0.065" /><testcase classname="backend.tests.test_cart_wishlist.TestWishlist" name="test_get_wishlist_authenticated" time="0.072"><failure message="AssertionError: Get wishlist failed: {&quot;detail&quot;:&quot;Not authenticated&quot;}&#10;assert 403 == 200&#10; +  where 403 = &lt;Response [403]&gt;.status_code">backend/tests/test_cart_wishlist.py:95: in test_get_wishlist_authenticated
    assert response.status_code == 200, f"Get wishlist failed: {response.text}"
E   AssertionError: Get wishlist failed: {"detail":"Not authenticated"}
E   assert 403 == 200
E    +  where 403 = &lt;Response [403]&gt;.status_code</failure></testcase><testcase classname="backend.tests.test_cart_wishlist.TestWishlist" name="test_add_to_wishlist" time="0.061"><failure message="AssertionError: Add to wishlist failed: {&quot;detail&quot;:&quot;Not authenticated&quot;}&#10;assert 403 == 200&#10; +  where 403 = &lt;Response [403]&gt;.status_code">backend/tests/test_cart_wishlist.py:116: in test_add_to_wishlist
    assert response.status_code == 200, f"Add to wishlist failed: {response.text}"
E   AssertionError: Add to wishlist failed: {"detail":"Not authenticated"}
E   assert 403 == 200
E    +  where 403 = &lt;Response [403]&gt;.status_code</failure></testcase><testcase classname="backend.tests.test_cart_wishlist.TestWishlist" name="test_add_to_wishlist_invalid_product" time="0.055"><failure message="assert 403 == 400&#10; +  where 403 = &lt;Response [403]&gt;.status_code">backend/tests/test_cart_wishlist.py:135: in test_add_to_wishlist_invalid_product
    assert response.status_code == 400
E   assert 403 == 400
E    +  where 403 = &lt;Response [403]&gt;.status_code</failure></testcase><testcase classname="backend.tests.test_cart_wishlist.TestWishlist" name="test_check_product_in_wishlist" time="0.062"><failure message="AssertionError: Check wishlist failed: {&quot;detail&quot;:&quot;Not authenticated&quot;}&#10;assert 403 == 200&#10; +  where 403 = &lt;Response [403]&gt;.status_code">backend/tests/test_cart_wishlist.py:145: in test_check_product_in_wishlist
    assert response.status_code == 200, f"Check wishlist failed: {response.text}"
E   AssertionError: Check wishlist failed: {"detail":"Not authenticated"}
E   assert 403 == 200
E    +  where 403 = &lt;Response [403]&gt;.status_code</failure></testcase><testcase classname="backend.tests.test_health.TestHealthCheck" name="test_health_endpoint_returns_200" time="0.057" /><testcase classname="backend.tests.test_health.TestHealthCheck" name="test_health_response_structure" time="0.073" /><testcase classname="backend.tests.test_health.TestHealthCheck" name="test_root_endpoint" time="0.106"><failure message="requests.exceptions.JSONDecodeError: Expecting value: line 1 column 1 (char 0)">/root/.venv/lib/python3.11/site-packages/requests/models.py:976: in json
    return complexjson.loads(self.text, **kwargs)
           ^^^^^^^^^^^^^^^^^^^^^^^^^^^^^^^^^^^^^^
/usr/local/lib/python3.11/json/__init__.py:346: in loads
    return _default_decoder.decode(s)
           ^^^^^^^^^^^^^^^^^^^^^^^^^^
/usr/local/lib/python3.11/json/decoder.py:337: in decode
    obj, end = self.raw_decode(s, idx=_w(s, 0).end())
               ^^^^^^^^^^^^^^^^^^^^^^^^^^^^^^^^^^^^^^
/usr/local/lib/python3.11/json/decoder.py:355: in raw_decode
    raise JSONDecodeError("Expecting value", s, err.value) from None
E   json.decoder.JSONDecodeError: Expecting value: line 1 column 1 (char 0)

During handling of the above exception, another exception occurred:
backend/tests/test_health.py:35: in test_root_endpoint
    data = response.json()
           ^^^^^^^^^^^^^^^
/root/.venv/lib/python3.11/site-packages/requests/models.py:980: in json
    raise RequestsJSONDecodeError(e.msg, e.doc, e.pos)
E   requests.exceptions.JSONDecodeError: Expecting value: line 1 column 1 (char 0)</failure></testcase><testcase classname="backend.tests.test_inventory.TestInventory" name="test_get_product_inventory" time="0.061" /><testcase classname="backend.tests.test_inventory.TestInventory" name="test_get_inventory_not_found" time="0.072" /><testcase classname="backend.tests.test_inventory.TestInventory" name="test_get_available_stock" time="0.063" /><testcase classname="backend.tests.test_orders.TestOrders" name="test_get_orders_requires_auth" time="0.120" /><testcase classname="backend.tests.test_orders.TestOrders" name="test_get_orders_authenticated" time="0.066"><failure message="AssertionError: Get orders failed: {&quot;detail&quot;:&quot;Not authenticated&quot;}&#10;assert 403 == 200&#10; +  where 403 = &lt;Response [403]&gt;.status_code">backend/tests/test_orders.py:28: in test_get_orders_authenticated
    assert response.status_code == 200, f"Get orders failed: {response.text}"
E   AssertionError: Get orders failed: {"detail":"Not authenticated"}
E   assert 403 == 200
E    +  where 403 = &lt;Response [403]&gt;.status_code</failure></testcase><testcase classname="backend.tests.test_orders.TestOrders" name="test_get_orders_with_pagination" time="0.082"><failure message="assert 403 == 200&#10; +  where 403 = &lt;Response [403]&gt;.status_code">backend/tests/test_orders.py:42: in test_get_orders_with_pagination
    assert response.status_code == 200
E   assert 403 == 200
E    +  where 403 = &lt;Response [403]&gt;.status_code</failure></testcase><testcase classname="backend.tests.test_orders.TestOrders" name="test_create_order_empty_cart_fails" time="0.134"><failure message="assert 403 == 400&#10; +  where 403 = &lt;Response [403]&gt;.status_code">backend/tests/test_orders.py:69: in test_create_order_empty_cart_fails
    assert response.status_code == 400
E   assert 403 == 400
E    +  where 403 = &lt;Response [403]&gt;.status_code</failure></testcase><testcase classname="backend.tests.test_orders.TestOrders" name="test_create_order_with_items" time="0.061"><skipped type="pytest.skip" message="Could not add item to cart">/app/backend/tests/test_orders.py:87: Could not add item to cart</skipped></testcase><testcase classname="backend.tests.test_products.TestProductsList" name="test_get_products_default" time="0.066" /><testcase classname="backend.tests.test_products.TestProductsList" name="test_get_products_with_pagination" time="0.080" /><testcase classname="backend.tests.test_products.TestProductsList" name="test_get_products_sort_by_price_asc" time="0.058" /><testcase classname="backend.tests.test_products.TestProductsList" name="test_get_products_sort_by_price_desc" time="0.066" /><testcase classname="backend.tests.test_products.TestProductsList" name="test_get_products_filter_by_search" time="0.070" /><testcase classname="backend.tests.test_products.TestProductsList" name="test_get_products_filter_in_stock_only" time="0.058" /><testcase classname="backend.tests.test_products.TestProductsList" name="test_get_products_filter_by_price_range" time="0.073" /><testcase classname="backend.tests.test_products.TestProductsCategories" name="test_get_categories" time="0.079" /><testcase classname="backend.tests.test_products.TestProductsCategories" name="test_get_categories_with_subcategories" time="0.072" /><testcase classname="backend.tests.test_products.TestProductsBrands" name="test_get_brands" time="0.057" /><testcase classname="backend.tests.test_products.TestSingleProduct" name="test_get_product_by_id" time="0.085" /><testcase classname="backend.tests.test_products.TestSingleProduct" name="test_get_product_not_found" time="0.053" /><testcase classname="backend.tests.test_products.TestProductReviews" name="test_get_product_reviews" time="0.074" /></testsuite></testsuites>