<?xml version="1.0" encoding="utf-8"?><testsuites name="pytest tests"><testsuite name="pytest" errors="6" failures="0" skipped="0" tests="6" time="0.146" timestamp="2026-02-20T17:05:11.026093+00:00" hostname="agent-env-b73a60bb-cb2c-4d07-9d8a-46c62984e01e"><testcase classname="" name="backend.tests.test_auth" time="0.000"><error message="collection failure">ImportError while importing test module '/app/backend/tests/test_auth.py'.
Hint: make sure your test modules/packages have valid Python names.
Traceback:
/usr/local/lib/python3.11/importlib/__init__.py:126: in import_module
    return _bootstrap._gcd_import(name[level:], package, level)
           ^^^^^^^^^^^^^^^^^^^^^^^^^^^^^^^^^^^^^^^^^^^^^^^^^^^^
backend/tests/test_auth.py:6: in &lt;module&gt;
    from .conftest import BASE_URL
E   ImportError: attempted relative import with no known parent package</error></testcase><testcase classname="" name="backend.tests.test_cart_wishlist" time="0.000"><error message="collection failure">ImportError while importing test module '/app/backend/tests/test_cart_wishlist.py'.
Hint: make sure your test modules/packages have valid Python names.
Traceback:
/usr/local/lib/python3.11/importlib/__init__.py:126: in import_module
    return _bootstrap._gcd_import(name[level:], package, level)
           ^^^^^^^^^^^^^^^^^^^^^^^^^^^^^^^^^^^^^^^^^^^^^^^^^^^^
backend/tests/test_cart_wishlist.py:5: in &lt;module&gt;
    from .conftest import BASE_URL
E   ImportError: attempted relative import with no known parent package</error></testcase><testcase classname="" name="backend.tests.test_health" time="0.000"><error message="collection failure">ImportError while importing test module '/app/backend/tests/test_health.py'.
Hint: make sure your test modules/packages have valid Python names.
Traceback:
/usr/local/lib/python3.11/importlib/__init__.py:126: in import_module
    return _bootstrap._gcd_import(name[level:], package, level)
           ^^^^^^^^^^^^^^^^^^^^^^^^^^^^^^^^^^^^^^^^^^^^^^^^^^^^
backend/tests/test_health.py:5: in &lt;module&gt;
    from .conftest import BASE_URL
E   ImportError: attempted relative import with no known parent package</error></testcase><testcase classname="" name="backend.tests.test_inventory" time="0.000"><error message="collection failure">ImportError while importing test module '/app/backend/tests/test_inventory.py'.
Hint: make sure your test modules/packages have valid Python names.
Traceback:
/usr/local/lib/python3.11/importlib/__init__.py:126: in import_module
    return _bootstrap._gcd_import(name[level:], package, level)
           ^^^^^^^^^^^^^^^^^^^^^^^^^^^^^^^^^^^^^^^^^^^^^^^^^^^^
backend/tests/test_inventory.py:5: in &lt;module&gt;
    from .conftest import BASE_URL
E   ImportError: attempted relative import with no known parent package</error></testcase><testcase classname="" name="backend.tests.test_orders" time="0.000"><error message="collection failure">ImportError while importing test module '/app/backend/tests/test_orders.py'.
Hint: make sure your test modules/packages have valid Python names.
Traceback:
/usr/local/lib/python3.11/importlib/__init__.py:126: in import_module
    return _bootstrap._gcd_import(name[level:], package, level)
           ^^^^^^^^^^^^^^^^^^^^^^^^^^^^^^^^^^^^^^^^^^^^^^^^^^^^
backend/tests/test_orders.py:5: in &lt;module&gt;
    from .conftest import BASE_URL
E   ImportError: attempted relative import with no known parent package</error></testcase><testcase classname="" name="backend.tests.test_products" time="0.000"><error message="collection failure">ImportError while importing test module '/app/backend/tests/test_products.py'.
Hint: make sure your test modules/packages have valid Python names.
Traceback:
/usr/local/lib/python3.11/importlib/__init__.py:126: in import_module
    return _bootstrap._gcd_import(name[level:], package, level)
           ^^^^^^^^^^^^^^^^^^^^^^^^^^^^^^^^^^^^^^^^^^^^^^^^^^^^
backend/tests/test_products.py:5: in &lt;module&gt;
    from .conftest import BASE_URL
E   ImportError: attempted relative import with no known parent package</error></testcase></testsuite></testsuites>